[LOG] System::create                           : Header version = 2.02.04. Current version = 2.02.04.
[LOG] Manager::init                            : maxchannels = 256 studioflags = 00000006 flags 00000000 extradriverdata 0000000000000000.
[LOG] SystemI::init                            : Initialize version=20204 (121702), maxchannels=256, flags=0x00020000
[LOG] SystemI::setOutputInternal               : Setting output to 'FMOD WASAPI Output'
[LOG] OutputWASAPI::init                       : Mix Format (WAVEFORMATEX): wFormatTag=0xFFFE, nChannels=2, nSamplesPerSec=48000, nAvgBytesPerSec=384000, nBlockAlign=8, wBitsPerSample=32, cbSize=22.
[LOG] OutputWASAPI::init                       : Mix Format (WAVEFORMATEXTENSIBLE): wValidBitsPerSample=32, dwChannelMask=0x00000003, SubFormat=00000003-0000-0010-8000-00AA00389B71.
[LOG] OutputWASAPI::init                       : Output buffer size: 4096 samples, latency: 0.00ms, period: 10.00ms, DSP buffer: 1024 * 4
[LOG] Thread::initThread                       : Init FMOD stream thread. Affinity: 0x4000000000000003, Priority: 0xFFFF7FFB, Stack Size: 98304, Semaphore: No, Sleep Time: 10, Looping: Yes.
[LOG] Thread::initThread                       : Init FMOD mixer thread. Affinity: 0x4000000000000001, Priority: 0xFFFF7FFA, Stack Size: 81920, Semaphore: No, Sleep Time: 0, Looping: Yes.
[LOG] AsyncManager::init                       : manager 00000211E544D358 isAsync 0 updatePeriod 0.02
[LOG] AsyncManager::init                       : done
[LOG] PlaybackSystem::init                     : 
[LOG] Thread::initThread                       : Init FMOD Studio sample load thread. Affinity: 0x4000000000000003, Priority: 0xFFFF7FFD, Stack Size: 98304, Semaphore: No, Sleep Time: 1, Looping: No.
[LOG] PlaybackSystem::init                     : done
[LOG] Thread::initThread                       : Init FMOD Studio bank load thread. Affinity: 0x4000000000000003, Priority: 0xFFFF7FFD, Stack Size: 98304, Semaphore: No, Sleep Time: 1, Looping: No.
[LOG] Manager::init                            : done.
[LOG] Manager::readBank                        : fileversion = 142, compatVersion = 140 (oldest = 44, newest = 141)
[LOG] Manager::readBank                        : fileversion = 142, compatVersion = 140 (oldest = 44, newest = 141)
[LOG] Manager::readBank                        : fileversion = 142, compatVersion = 140 (oldest = 44, newest = 141)
[LOG] PluginEffectModel::init                  : Missing DSP plugin 'Resonance Audio Listener'
[LOG] PostLoad::initPluginEffects              : Creating stub DSP plugin model and continuing.
[WRN] EffectInstanceFactory::create            : Creating stub DSP for plugin 'Resonance Audio Listener'
[LOG] PlaybackSystem::acquireMasterBus         : Setting master channel group format to 3
[LOG] Manager::readBank                        : fileversion = 142, compatVersion = 140 (oldest = 44, newest = 141)
[LOG] Manager::readBank                        : fileversion = 142, compatVersion = 140 (oldest = 44, newest = 141)
[LOG] PluginEffectModel::init                  : Missing DSP plugin 'Resonance Audio Source'
[LOG] PostLoad::initPluginEffects              : Creating stub DSP plugin model and continuing.
[LOG] PluginEffectModel::init                  : Missing DSP plugin 'Resonance Audio Source'
[LOG] PostLoad::initPluginEffects              : Creating stub DSP plugin model and continuing.
[LOG] PluginEffectModel::init                  : Missing DSP plugin 'Resonance Audio Source'
[LOG] PostLoad::initPluginEffects              : Creating stub DSP plugin model and continuing.
[LOG] PluginEffectModel::init                  : Missing DSP plugin 'Resonance Audio Source'
[LOG] PostLoad::initPluginEffects              : Creating stub DSP plugin model and continuing.
[LOG] PluginEffectModel::init                  : Missing DSP plugin 'Resonance Audio Source'
[LOG] PostLoad::initPluginEffects              : Creating stub DSP plugin model and continuing.
[LOG] PluginEffectModel::init                  : Missing DSP plugin 'Resonance Audio Source'
[LOG] PostLoad::initPluginEffects              : Creating stub DSP plugin model and continuing.
[LOG] PluginEffectModel::init                  : Missing DSP plugin 'Resonance Audio Source'
[LOG] PostLoad::initPluginEffects              : Creating stub DSP plugin model and continuing.
[LOG] PluginEffectModel::init                  : Missing DSP plugin 'Resonance Audio Source'
[LOG] PostLoad::initPluginEffects              : Creating stub DSP plugin model and continuing.
[LOG] PluginEffectModel::init                  : Missing DSP plugin 'Resonance Audio Source'
[LOG] PostLoad::initPluginEffects              : Creating stub DSP plugin model and continuing.
[LOG] PluginEffectModel::init                  : Missing DSP plugin 'Resonance Audio Source'
[LOG] PostLoad::initPluginEffects              : Creating stub DSP plugin model and continuing.
[LOG] PluginEffectModel::init                  : Missing DSP plugin 'Resonance Audio Source'
[LOG] PostLoad::initPluginEffects              : Creating stub DSP plugin model and continuing.
[LOG] PluginEffectModel::init                  : Missing DSP plugin 'Resonance Audio Source'
[LOG] PostLoad::initPluginEffects              : Creating stub DSP plugin model and continuing.
[LOG] SystemI::createSound                     : filename = FMODProject/Build/Desktop/SFX.bank : mode 02010082
[LOG] SystemI::createSound                     : FMOD_NONBLOCKING specified.  Putting into queue to be opened asynchronously!
[LOG] SystemI::createSound                     : setdata soundi = 00000211E1ECD158 : node = 0000020EF8F83A50
[LOG] SystemI::createSound                     : add node to async list : head = 0000020EF7605058.  list count = 0
[LOG] AsyncThread::threadFunc                  : Starting Asynchronous operation on sound 00000211E1ECD158
[LOG] SystemI::createSoundInternal             :     Create name='FMODProject/Build/Desktop/SFX.bank', mode=0x02010082
[LOG] SystemI::createSoundInternal             :     exinfo->cbsize             = 224
[LOG] SystemI::createSoundInternal             :     exinfo->length             = 3472800
[LOG] SystemI::createSoundInternal             :     exinfo->fileoffset         = 103968
[LOG] SystemI::createSoundInternal             :     exinfo->numsubsounds       = 1
[LOG] SystemI::createSoundInternal             :     exinfo->inclusionlist      = 0000020EF8F83B60
[LOG] SystemI::createSoundInternal             :     exinfo->inclusionlistnum   = 1
[LOG] SystemI::createSoundInternal             :     exinfo->suggestedsoundtype = 5
[LOG] SystemI::createSoundInternal             :     exinfo->initialseekpostype = 1
[LOG] SystemI::createSoundInternal             :     Stream 0/1: name='Ant', format=5, channels=2, frequency=48000, lengthbytes=9056, lengthpcm=16720, pcmblocksize=0, loopstart=0, loopend=0, mode=0x00000000, channelmask=0x00000000, channelorder=0, peakvolume=0.254089.
[LOG] AsyncThread::threadFunc                  : Finished Asynchronous operation on sound 00000211E1ECD158
[LOG] SystemI::createSound                     : filename = FMODProject/Build/Desktop/SFX.bank : mode 02010082
[LOG] SystemI::createSound                     : FMOD_NONBLOCKING specified.  Putting into queue to be opened asynchronously!
[LOG] SystemI::createSound                     : setdata soundi = 00000211E1ECDED8 : node = 0000020EF8F83550
[LOG] SystemI::createSound                     : add node to async list : head = 0000020EF7605058.  list count = 0
[LOG] AsyncThread::threadFunc                  : Starting Asynchronous operation on sound 00000211E1ECDED8
[LOG] SystemI::createSoundInternal             :     Create name='FMODProject/Build/Desktop/SFX.bank', mode=0x02010082
[LOG] SystemI::createSoundInternal             :     exinfo->cbsize             = 224
[LOG] SystemI::createSoundInternal             :     exinfo->length             = 3472800
[LOG] SystemI::createSoundInternal             :     exinfo->fileoffset         = 103968
[LOG] SystemI::createSoundInternal             :     exinfo->numsubsounds       = 1
[LOG] SystemI::createSoundInternal             :     exinfo->inclusionlist      = 0000020EF8F83660
[LOG] SystemI::createSoundInternal             :     exinfo->inclusionlistnum   = 1
[LOG] SystemI::createSoundInternal             :     exinfo->suggestedsoundtype = 5
[LOG] SystemI::createSoundInternal             :     exinfo->initialseekpostype = 1
[LOG] SystemI::createSoundInternal             :     Stream 0/1: name='Ant', format=5, channels=2, frequency=48000, lengthbytes=9056, lengthpcm=16720, pcmblocksize=0, loopstart=0, loopend=0, mode=0x00000000, channelmask=0x00000000, channelorder=0, peakvolume=0.254089.
[LOG] AsyncThread::threadFunc                  : Finished Asynchronous operation on sound 00000211E1ECDED8
[LOG] SoundI::release                          : Ant (00000211E1ECD158)
[LOG] SoundI::release                          :     Ant (0000020EFABD1428)
[LOG] SoundI::release                          :     Ant (00000211E1ECD9C8)
[LOG] SystemI::createSound                     : filename = FMODProject/Build/Desktop/SFX.bank : mode 02010082
[LOG] SystemI::createSound                     : FMOD_NONBLOCKING specified.  Putting into queue to be opened asynchronously!
[LOG] SystemI::createSound                     : setdata soundi = 00000211E1ECFEE8 : node = 0000020EF8F83410
[LOG] SystemI::createSound                     : add node to async list : head = 0000020EF7605058.  list count = 0
[LOG] AsyncThread::threadFunc                  : Starting Asynchronous operation on sound 00000211E1ECFEE8
[LOG] SystemI::createSoundInternal             :     Create name='FMODProject/Build/Desktop/SFX.bank', mode=0x02010082
[LOG] SystemI::createSoundInternal             :     exinfo->cbsize             = 224
[LOG] SystemI::createSoundInternal             :     exinfo->length             = 3472800
[LOG] SystemI::createSound                     :     filename = FMODProject/Build/Desktop/SFX.bank : mode 02010082
[LOG] SystemI::createSoundInternal             :     exinfo->fileoffset         = 103968
[LOG] SystemI::createSound                     :     FMOD_NONBLOCKING specified.  Putting into queue to be opened asynchronously!
[LOG] SystemI::createSoundInternal             :     exinfo->numsubsounds       = 1
[LOG] SystemI::createSound                     :     setdata soundi = 00000211E1ECD158 : node = 0000020EF8F83690
[LOG] SystemI::createSoundInternal             :     exinfo->inclusionlist      = 0000020EF8F83520
[LOG] SystemI::createSound                     :     add node to async list : head = 0000020EF7605058.  list count = 0
[LOG] SystemI::createSoundInternal             :     exinfo->inclusionlistnum   = 1
[LOG] SystemI::createSoundInternal             :     exinfo->suggestedsoundtype = 5
[LOG] SystemI::createSoundInternal             :     exinfo->initialseekpostype = 1
[LOG] SystemI::createSoundInternal             :     Stream 0/1: name='Ant', format=5, channels=2, frequency=48000, lengthbytes=9056, lengthpcm=16720, pcmblocksize=0, loopstart=0, loopend=0, mode=0x00000000, channelmask=0x00000000, channelorder=0, peakvolume=0.254089.
[LOG] AsyncThread::threadFunc                  : Finished Asynchronous operation on sound 00000211E1ECFEE8
[LOG] AsyncThread::threadFunc                  : Starting Asynchronous operation on sound 00000211E1ECD158
[LOG] SystemI::createSoundInternal             :     Create name='FMODProject/Build/Desktop/SFX.bank', mode=0x02010082
[LOG] SystemI::createSoundInternal             :     exinfo->cbsize             = 224
[LOG] SystemI::createSoundInternal             :     exinfo->length             = 3472800
[LOG] SystemI::createSoundInternal             :     exinfo->fileoffset         = 103968
[LOG] SystemI::createSoundInternal             :     exinfo->numsubsounds       = 1
[LOG] SystemI::createSoundInternal             :     exinfo->inclusionlist      = 0000020EF8F837A0
[LOG] SystemI::createSoundInternal             :     exinfo->inclusionlistnum   = 1
[LOG] SystemI::createSoundInternal             :     exinfo->suggestedsoundtype = 5
[LOG] SystemI::createSoundInternal             :     exinfo->initialseekpostype = 1
[LOG] SystemI::createSoundInternal             :     Stream 0/1: name='Ant', format=5, channels=2, frequency=48000, lengthbytes=9056, lengthpcm=16720, pcmblocksize=0, loopstart=0, loopend=0, mode=0x00000000, channelmask=0x00000000, channelorder=0, peakvolume=0.254089.
[LOG] AsyncThread::threadFunc                  : Finished Asynchronous operation on sound 00000211E1ECD158
[LOG] SoundI::release                          : Ant (00000211E1ECDED8)
[LOG] SoundI::release                          :     Ant (0000020EF1337D88)
[LOG] SoundI::release                          :     Ant (00000211E1ECFB88)
[LOG] SoundI::release                          : Ant (00000211E1ECD158)
[LOG] SoundI::release                          :     Ant (0000020EF1337568)
[LOG] SoundI::release                          :     Ant (00000211E1EDA5F8)
[LOG] SoundI::release                          : Ant (00000211E1ECFEE8)
[LOG] SoundI::release                          :     Ant (0000020EF13373C8)
[LOG] SoundI::release                          :     Ant (00000211E1ECD9C8)
[LOG] SystemI::createSound                     : filename = FMODProject/Build/Desktop/SFX.bank : mode 02010082
[LOG] SystemI::createSound                     : FMOD_NONBLOCKING specified.  Putting into queue to be opened asynchronously!
[LOG] SystemI::createSound                     : setdata soundi = 00000211E1ECFB88 : node = 00000211E2C591E0
[LOG] SystemI::createSound                     : add node to async list : head = 0000020EF7605058.  list count = 0
[LOG] AsyncThread::threadFunc                  : Starting Asynchronous operation on sound 00000211E1ECFB88
[LOG] SystemI::createSoundInternal             :     Create name='FMODProject/Build/Desktop/SFX.bank', mode=0x02010082
[LOG] SystemI::createSoundInternal             :     exinfo->cbsize             = 224
[LOG] SystemI::createSoundInternal             :     exinfo->length             = 3472800
[LOG] SystemI::createSoundInternal             :     exinfo->fileoffset         = 103968
[LOG] SystemI::createSoundInternal             :     exinfo->numsubsounds       = 1
[LOG] SystemI::createSoundInternal             :     exinfo->inclusionlist      = 00000211E2C592F0
[LOG] SystemI::createSoundInternal             :     exinfo->inclusionlistnum   = 1
[LOG] SystemI::createSoundInternal             :     exinfo->suggestedsoundtype = 5
[LOG] SystemI::createSoundInternal             :     exinfo->initialseekposition = 90
[LOG] SystemI::createSoundInternal             :     exinfo->initialseekpostype = 1
[LOG] SystemI::createSoundInternal             :     Stream 0/1: name='gieger counter fast', format=5, channels=1, frequency=48000, lengthbytes=101568, lengthpcm=505877, pcmblocksize=0, loopstart=0, loopend=0, mode=0x00000000, channelmask=0x00000000, channelorder=0, peakvolume=0.733459.
[LOG] AsyncThread::threadFunc                  : Finished Asynchronous operation on sound 00000211E1ECFB88
[LOG] SoundI::release                          : gieger counter fast (00000211E1ECFB88)
[LOG] SoundI::release                          :     gieger counter fast (0000020EF14D7988)
[LOG] SoundI::release                          :     gieger counter fast (00000211E1ECD158)
[LOG] SystemI::createSound                     : filename = FMODProject/Build/Desktop/SFX.bank : mode 02010082
[LOG] SystemI::createSound                     : FMOD_NONBLOCKING specified.  Putting into queue to be opened asynchronously!
[LOG] SystemI::createSound                     : setdata soundi = 00000211E555FD78 : node = 00000211E2C59BE0
[LOG] SystemI::createSound                     : add node to async list : head = 0000020EF7605058.  list count = 0
[LOG] AsyncThread::threadFunc                  : Starting Asynchronous operation on sound 00000211E555FD78
[LOG] SystemI::createSoundInternal             :     Create name='FMODProject/Build/Desktop/SFX.bank', mode=0x02010082
[LOG] SystemI::createSoundInternal             :     exinfo->cbsize             = 224
[LOG] SystemI::createSoundInternal             :     exinfo->length             = 3472800
[LOG] SystemI::createSoundInternal             :     exinfo->fileoffset         = 103968
[LOG] SystemI::createSoundInternal             :     exinfo->numsubsounds       = 1
[LOG] SystemI::createSoundInternal             :     exinfo->inclusionlist      = 00000211E2C59CF0
[LOG] SystemI::createSoundInternal             :     exinfo->inclusionlistnum   = 1
[LOG] SystemI::createSoundInternal             :     exinfo->suggestedsoundtype = 5
[LOG] SystemI::createSoundInternal             :     exinfo->initialseekposition = 90
[LOG] SystemI::createSoundInternal             :     exinfo->initialseekpostype = 1
[LOG] SystemI::createSoundInternal             :     Stream 0/1: name='gieger counter fast', format=5, channels=1, frequency=48000, lengthbytes=101568, lengthpcm=505877, pcmblocksize=0, loopstart=0, loopend=0, mode=0x00000000, channelmask=0x00000000, channelorder=0, peakvolume=0.733459.
[LOG] AsyncThread::threadFunc                  : Finished Asynchronous operation on sound 00000211E555FD78
[LOG] SoundI::release                          : gieger counter fast (00000211E555FD78)
[LOG] SoundI::release                          :     gieger counter fast (00000211C342C408)
[LOG] SoundI::release                          :     gieger counter fast (00000211E555E0C8)
[LOG] SoundI::release                          : 215006__stevemeli__flowing-sand (00000211E22B7818)
[LOG] SoundI::release                          :     215006__stevemeli__flowing-sand (00000211C342C5A8)
[LOG] SoundI::release                          :     215006__stevemeli__flowing-sand (00000211E22B3B58)
[LOG] SoundI::release                          : 527281__dlgebert__monologue-wind (00000211E22B74B8)
[LOG] SoundI::release                          :     527281__dlgebert__monologue-wind (0000020EF06C3898)
[LOG] SoundI::release                          :     527281__dlgebert__monologue-wind (00000211E22B9B88)
[LOG] SoundI::release                          : Rain background (00000211E22B5D18)
[LOG] SoundI::release                          :     Rain background (00000211C342C0C8)
[LOG] SoundI::release                          :     Rain background (00000211E22B4218)
[LOG] SoundI::release                          :  (00000211DBC169D8)
[LOG] SoundI::release                          :     403162__fallujahqc__footstep_metal (0000020EF8488068)
[LOG] SoundI::release                          :  (00000211DBC18AE8)
[LOG] SoundI::release                          :     Audio 1 (0000020EF6CC1AB8)
[LOG] SoundI::release                          :  (00000211DBC15FC8)
[LOG] SoundI::release                          :     Audio 2 (0000020EF8488888)
[LOG] SoundI::release                          :  (00000211DBC17278)
[LOG] SoundI::release                          :     Audio 3 (0000020EF6CC2138)
[LOG] SoundI::release                          :  (00000211DBC176C8)
[LOG] SoundI::release                          :     Audio 4 (0000020EF3BA10A8)
[LOG] SoundI::release                          :  (00000211DC353A48)
[LOG] SoundI::release                          :     Fire (0000020EF6B4F728)
[LOG] SoundI::release                          :  (00000211DC3559E8)
[LOG] SoundI::release                          :     Hit plant (0000020EF09997E8)
[LOG] SoundI::release                          :  (00000211DC355148)
[LOG] SoundI::release                          :     Hit Enemy (0000020EF0998C88)
[LOG] SoundI::release                          :  (00000211DBC17108)
[LOG] SoundI::release                          :     181917__lolamadeus__jelly-mangling-on-plate (00000211DD0CA708)
[LOG] SoundI::release                          :  (00000211DBC16CB8)
[LOG] SoundI::release                          :     ChitChat-01 (00000211DC933218)
[LOG] SoundI::release                          :  (00000211E1D89148)
[LOG] SoundI::release                          :     ChitChatExtra-01 (0000020EF14D5908)
[LOG] SoundI::release                          :  (00000211E1D8AE08)
[LOG] SoundI::release                          :     ChitChatExtra-02 (0000020EF14D5C48)
[LOG] SoundI::release                          :  (00000211E1D8A6D8)
[LOG] SoundI::release                          :     ChitChatExtra-03 (0000020EF73873F8)
[LOG] SoundI::release                          :  (00000211DC353BB8)
[LOG] SoundI::release                          :     ChitChat-02 (0000020EEDF2C518)
[LOG] SoundI::release                          :  (00000211DC353D28)
[LOG] SoundI::release                          :     ChitChat-03 (0000020EF0999168)
[LOG] SoundI::release                          :  (00000211DC352068)
[LOG] SoundI::release                          :     ChitChat-04 (0000020EF766FA58)
[LOG] SoundI::release                          :  (00000211DBC19388)
[LOG] SoundI::release                          :     ChitChat-06 (00000211DD6AE7C8)
[LOG] SoundI::release                          :  (00000211DC3552B8)
[LOG] SoundI::release                          :     Hit rock (0000020EF0998948)
[LOG] SoundI::release                          :  (00000211E1D8BAF8)
[LOG] SoundI::release                          :     T8ZFTMF-fire (0000020EF14D40A8)
[LOG] SoundI::release                          :  (00000211DC3521D8)
[LOG] SoundI::release                          :     Hit sand (0000020EF7670278)
[LOG] SoundI::release                          :  (00000211DBC190A8)
[LOG] SoundI::release                          :     Stone Footsteps-02 (0000020EF8487D28)
[LOG] SoundI::release                          :  (00000211DBC19948)
[LOG] SoundI::release                          :     Stone Footsteps-03 (0000020EF8487EC8)
[LOG] SoundI::release                          :  (00000211DBC183B8)
[LOG] SoundI::release                          :     Stone Footsteps-01 (00000211C840F478)
[LOG] SoundI::release                          :  (00000211DC3524B8)
[LOG] SoundI::release                          :     death (0000020EF0998468)
[LOG] SoundI::release                          :  (00000211DC354178)
[LOG] SoundI::release                          :     Hit metal (0000020EF0999308)
[LOG] SoundI::release                          :  (00000211DBC16868)
[LOG] SoundI::release                          :     growth (00000211DD6AEB08)
[LOG] SoundI::release                          :  (00000211DC355428)
[LOG] SoundI::release                          :     Alert-01 (0000020EF0999CC8)
[LOG] SoundI::release                          :  (00000211DC355B58)
[LOG] SoundI::release                          :     Alert-02 (0000020EF766FD98)
[LOG] SoundI::release                          :  (00000211DC3542E8)
[LOG] SoundI::release                          :     Alert-03 (0000020EEDF2BB58)
[LOG] SoundI::release                          :  (00000211DBC173E8)
[LOG] SoundI::release                          :     Alert-04 (00000211DC932ED8)
[LOG] SoundI::release                          :  (00000211DC354CF8)
[LOG] SoundI::release                          :     Alert Background (0000020EEDF2C038)
[LOG] SoundI::release                          :  (00000211E1D8A568)
[LOG] SoundI::release                          :     Lasers-01 (0000020EF14D6FC8)
[LOG] SoundI::release                          :  (00000211E1D89B58)
[LOG] SoundI::release                          :     Lasers-02 (0000020EF14D6128)
[LOG] SoundI::release                          :  (00000211DC354738)
[LOG] SoundI::release                          :     Lasers-03 (0000020EF10BC3D8)
[LOG] SoundI::release                          :  (00000211E1D89FA8)
[LOG] SoundI::release                          :     Lasers-04 (0000020EF73863B8)
[LOG] SoundI::release                          :  (00000211DBC17C88)
[LOG] SoundI::release                          :     Lasers-05 (00000211DD0CAF28)
[LOG] SoundI::release                          :  (00000211DC352798)
[LOG] SoundI::release                          :     Lasers-06 (0000020EF7670A98)
[LOG] SoundI::release                          :  (00000211DBC18978)
[LOG] SoundI::release                          :     Step 1 (0000020EF6CC2618)
[LOG] SoundI::release                          :  (00000211DBC18C58)
[LOG] SoundI::release                          :     Step 2 (0000020EF3BA0D68)
[LOG] SoundI::release                          :  (00000211DBC18DC8)
[LOG] SoundI::release                          :     Step 3 (0000020EF8488548)
[LOG] SoundI::release                          :  (00000211DBC17838)
[LOG] SoundI::release                          :     Step 4 (0000020EF3BA1248)
[LOG] SoundI::release                          :  (00000211DBC179A8)
[LOG] SoundI::release                          :     Step 5 (0000020EF3BA0A28)
[LOG] SoundI::release                          :  (00000211DBC18698)
[LOG] SoundI::release                          :     Step 6 (0000020EF3BA0F08)
[LOG] SoundI::release                          :  (00000211DBC17558)
[LOG] SoundI::release                          :     Step 7 (0000020EF6CC2478)
[LOG] SoundI::release                          :  (00000211E1D8C228)
[LOG] SoundI::release                          :     SeedShoot-01 (0000020EF7386898)
[LOG] SoundI::release                          :  (00000211DC352348)
[LOG] SoundI::release                          :     SeedShoot-02 (0000020EF766F718)
[LOG] SoundI::release                          :  (00000211DC351D88)
[LOG] SoundI::release                          :     SeedShoot-03 (0000020EF6B50F88)
[LOG] SoundI::release                          :  (00000211DC353E98)
[LOG] SoundI::release                          :     SeedShoot-04 (0000020EF0998AE8)
[LOG] SoundI::release                          :  (00000211DBC180D8)
[LOG] SoundI::release                          :     SeedShoot-05 (00000211DD6AE148)
[LOG] SoundI::release                          :  (00000211DC352908)
[LOG] SoundI::release                          :     pickup (0000020EF766F578)
[LOG] SoundI::release                          :  (00000211DC353318)
[LOG] SoundI::release                          :     Rattle Snake -01 (0000020EF6B500E8)
[LOG] SoundI::release                          :  (00000211DBC166F8)
[LOG] SoundI::release                          :     Rattle Snake -02 (00000211DD6AECA8)
[LOG] SoundI::release                          :  (00000211E1D8AB28)
[LOG] SoundI::release                          :     Vulture -01 (0000020EF14D5428)
[LOG] SoundI::release                          :  (00000211E1D88FD8)
[LOG] SoundI::release                          :     Vulture -02 (0000020EF7386F18)
[LOG] SoundI::release                          :  (00000211E1D8B988)
[LOG] SoundI::release                          :     64544__benboncan__tawny-owls-2 (0000020EF14D6E28)
[LOG] SoundI::release                          :  (00000211E1D8B258)
[LOG] SoundI::release                          :     Audio 1 (0000020EF14D55C8)
[LOG] SoundI::release                          :  (00000211E1D8B818)
[LOG] SoundI::release                          :     Audio 2 (0000020EF14D48C8)
[LOG] SoundI::release                          :  (00000211DC355708)
[LOG] SoundI::release                          :     Audio 5 (0000020EF7670758)
[LOG] SoundI::release                          :  (00000211DBC162A8)
[LOG] SoundI::release                          :     365075__justiiiiin__crickets (00000211C840F7B8)
[LOG] SoundI::release                          :  (00000211DC3538D8)
[LOG] SoundI::release                          :     Ant Hive (0000020EF6B50908)
[LOG] SoundI::release                          :  (00000211DC3531A8)
[LOG] SoundI::release                          :     Swapping Background (0000020EF10BC238)
[LOG] SoundI::release                          :  (00000211DC3535F8)
[LOG] SoundI::release                          :     gieger counter slow (0000020EF6B4F8C8)
[LOG] SoundI::release                          :  (00000211DBC19218)
[LOG] SoundI::release                          :     Scanning (00000211DD0CABE8)
[LOG] SoundI::release                          :  (00000211E1D8C678)
[LOG] SoundI::release                          :     Scanning -  1 (0000020EF73878D8)
[LOG] SoundI::release                          :  (00000211DBC16B48)
[LOG] SoundI::release                          :     Scanning -  2 (00000211DD6AE968)
[LOG] SoundI::release                          :  (00000211E1D8B6A8)
[LOG] SoundI::release                          :     Scanning -  3 (0000020EF7387258)
[LOG] SoundI::release                          :  (00000211DC3545C8)
[LOG] SoundI::release                          :     Scanning -  4 (0000020EF10BCA58)
[LOG] SoundI::release                          :  (00000211DC353488)
[LOG] SoundI::release                          :     Scanning -  5 (0000020EF6B505C8)
[LOG] SoundI::release                          :  (00000211E1D8C958)
[LOG] SoundI::release                          :     Rotate (0000020EF7386218)
[LOG] SoundI::release                          :  (00000211DC3548A8)
[LOG] SoundI::release                          :     Lightning-02 (0000020EF6B4FC08)
[LOG] SoundI::release                          :  (00000211DC355878)
[LOG] SoundI::release                          :     Lightning-03 (0000020EF6B4FDA8)
[LOG] SoundI::release                          :  (00000211E1D8A848)
[LOG] SoundI::release                          :     Lightning-04 (0000020EF14D67A8)
[LOG] SoundI::release                          :  (00000211DC352628)
[LOG] SoundI::release                          :     Water Droplet - -01 (0000020EF766F8B8)
[LOG] SoundI::release                          :  (00000211E1D8A288)
[LOG] SoundI::release                          :     Water Droplet - -02 (0000020EF73866F8)
[LOG] SoundI::release                          :  (00000211DC351EF8)
[LOG] SoundI::release                          :     Water Droplet - -03 (0000020EF10BC578)
[LOG] SoundI::release                          :  (00000211DBC17DF8)
[LOG] SoundI::release                          :     Water Droplet - -04 (00000211DC9336F8)
[LOG] SoundI::release                          :  (00000211E1D89598)
[LOG] SoundI::release                          :     Water Droplet - -05 (0000020EF14D5DE8)
[LOG] SoundI::release                          :  (00000211DC354B88)
[LOG] SoundI::release                          :     Water Droplet - -06 (0000020EF6B4F3E8)
[LOG] SoundI::release                          :  (00000211E1D8AC98)
[LOG] SoundI::release                          :     Water Droplet - -07 (0000020EF14D6AE8)
[LOG] SoundI::release                          :  (00000211E1D8CAC8)
[LOG] SoundI::release                          :     Water Droplet - -08 (0000020EF14D4248)
[LOG] SoundI::release                          :  (00000211E1D8B538)
[LOG] SoundI::release                          :     Water Droplet - -09 (0000020EF7386A38)
[LOG] SoundI::release                          :  (00000211DBC17B18)
[LOG] SoundI::release                          :     Water Droplet - -10 (00000211DD0CB268)
[LOG] SoundI::release                          :  (00000211DC354FD8)
[LOG] SoundI::release                          :     Water Droplet - -11 (0000020EEDF2BE98)
[LOG] SoundI::release                          :  (00000211E1D8A3F8)
[LOG] SoundI::release                          :     Water Droplet - -12 (0000020EF766F3D8)
[LOG] SoundI::release                          :  (00000211DC354E68)
[LOG] SoundI::release                          :     Water Droplet - -13 (0000020EF6B50768)
[LOG] SoundI::release                          :  (00000211DBC16588)
[LOG] SoundI::release                          :     Water Droplet - -14 (00000211C840F958)
[LOG] SoundI::release                          :  (00000211DC352D58)
[LOG] SoundI::release                          :     Water Droplet - -15 (0000020EF10BC098)
[LOG] SoundI::release                          :  (00000211DBC16F98)
[LOG] SoundI::release                          :     Water Droplet - -16 (00000211C840FAF8)
[LOG] SoundI::release                          :  (00000211DBC17F68)
[LOG] SoundI::release                          :     Water Droplet - -17 (00000211DC9329F8)
[LOG] SoundI::release                          :  (00000211E1D89E38)
[LOG] SoundI::release                          :     digging 2 (0000020EF7670418)
[LOG] SoundI::release                          :  (00000211DC355598)
[LOG] SoundI::release                          :     digging (0000020EF0999B28)
[LOG] SoundI::release                          :  (00000211E1D89878)
[LOG] SoundI::release                          :     fly (0000020EF14D7648)
[LOG] Thread::callback                         : FMOD Studio update thread finished.
[LOG] Thread::callback                         : FMOD Studio bank load thread finished.
[LOG] Profile::disconnectAll                   : Profiler disconnecting all clients
[LOG] Thread::callback                         : FMOD Studio sample load thread finished.
[LOG] LiveUpdate::release                      : 
[LOG] LiveUpdate::reset                        : Reset connection (reason Disconnected)
[LOG] Thread::callback                         : FMOD stream thread finished.
[LOG] Thread::callback                         : FMOD mixer thread finished.
[LOG] Profile::disconnectAll                   : Profiler disconnecting all clients
[LOG] SystemI::close                           : Closed.
[LOG] Thread::callback                         : FMOD Studio bank load thread finished.
[LOG] Thread::callback                         : FMOD Studio sample load thread finished.
[LOG] LiveUpdate::release                      : 
[LOG] LiveUpdate::reset                        : Reset connection (reason Disconnected)
[LOG] Thread::callback                         : FMOD stream thread finished.
[LOG] Thread::callback                         : FMOD mixer thread finished.
[LOG] SystemI::close                           : Closed.
[LOG] Thread::callback                         : FMOD nonblocking thread (0) finished.
[LOG] Thread::callback                         : FMOD file thread finished.
